开始往UniversalHashTable里添加内容[0,100)：
槽[  0  ] -> 97 -> 94 -> 91 -> 75 -> 72 -> 56 -> 53 -> 34 -> 31 -> 15 -> 12
槽[  1  ] -> 88 -> 85 -> 69 -> 66 -> 50 -> 47 -> 28 -> 25 -> 9 -> 6
槽[  2  ] -> 82 -> 79 -> 63 -> 60 -> 44 -> 41 -> 22 -> 19 -> 3 -> 0
槽[  3  ] -> 98 -> 95 -> 76 -> 73 -> 57 -> 54 -> 38 -> 35 -> 16 -> 13
槽[  4  ] -> 92 -> 89 -> 70 -> 67 -> 51 -> 48 -> 32 -> 29 -> 10 -> 7
槽[  5  ] -> 86 -> 83 -> 64 -> 61 -> 45 -> 42 -> 26 -> 23 -> 4 -> 1
槽[  6  ] -> 99 -> 96 -> 80 -> 77 -> 58 -> 55 -> 39 -> 36 -> 20 -> 17
槽[  7  ] -> 93 -> 90 -> 74 -> 71 -> 52 -> 49 -> 33 -> 30 -> 14 -> 11
槽[  8  ] -> 87 -> 84 -> 68 -> 65 -> 46 -> 43 -> 27 -> 24 -> 8 -> 5
槽[  9  ] -> 81 -> 78 -> 62 -> 59 -> 40 -> 37 -> 21 -> 18 -> 2
开始删除内容[0,5)：
槽[  0  ] -> 97 -> 94 -> 91 -> 75 -> 72 -> 56 -> 53 -> 34 -> 31 -> 15 -> 12
槽[  1  ] -> 88 -> 85 -> 69 -> 66 -> 50 -> 47 -> 28 -> 25 -> 9 -> 6
槽[  2  ] -> 82 -> 79 -> 63 -> 60 -> 44 -> 41 -> 22 -> 19
槽[  3  ] -> 98 -> 95 -> 76 -> 73 -> 57 -> 54 -> 38 -> 35 -> 16 -> 13
槽[  4  ] -> 92 -> 89 -> 70 -> 67 -> 51 -> 48 -> 32 -> 29 -> 10 -> 7
槽[  5  ] -> 86 -> 83 -> 64 -> 61 -> 45 -> 42 -> 26 -> 23
槽[  6  ] -> 99 -> 96 -> 80 -> 77 -> 58 -> 55 -> 39 -> 36 -> 20 -> 17
槽[  7  ] -> 93 -> 90 -> 74 -> 71 -> 52 -> 49 -> 33 -> 30 -> 14 -> 11
槽[  8  ] -> 87 -> 84 -> 68 -> 65 -> 46 -> 43 -> 27 -> 24 -> 8 -> 5
槽[  9  ] -> 81 -> 78 -> 62 -> 59 -> 40 -> 37 -> 21 -> 18
开始检索结点[0]：未找到
开始检索结点[1]：未找到
开始检索结点[2]：未找到
开始检索结点[3]：未找到
开始检索结点[4]：未找到
开始检索结点[5]：5
开始检索结点[6]：6
开始检索结点[7]：7
开始检索结点[8]：8
开始检索结点[9]：9
=============================================
槽[  0 ]  --> 40 --> 90
槽[  1 ]  --> 11 --> 21
槽[  2 ]  --> 72 --> 62 --> 92
槽[  3 ]  --> 63 --> 93
槽[  4 ] 
槽[  5 ]  --> 35 --> 15
槽[  6 ]  --> 36 --> 26 --> 86
槽[  7 ]  --> 27 --> 77
槽[  8 ]  --> 68
槽[  9 ]  --> 59 --> 49

槽[  0 ]  --> 90
槽[  1 ] 
槽[  2 ]  --> 72 --> 62 --> 92
槽[  3 ]  --> 63 --> 93
槽[  4 ] 
槽[  5 ] 
槽[  6 ]  --> 86
槽[  7 ]  --> 77
槽[  8 ]  --> 68
槽[  9 ]  --> 59

槽[  0 ]  --> 30 --> 90
槽[  1 ]  --> 11
槽[  2 ]  --> 42 --> 22 --> 2 --> 82 --> 72 --> 62 --> 92
槽[  3 ]  --> 73 --> 23 --> 63 --> 93
槽[  4 ] 
槽[  5 ]  --> 35
槽[  6 ]  --> 56 --> 86
槽[  7 ]  --> 67 --> 77
槽[  8 ]  --> 58 --> 68
槽[  9 ]  --> 69 --> 29 --> 59

