原始数组，准备进行堆排序：1  2  3  4  5  6  
1  2  6  4  5  3  
1  5  6  4  2  3  
6  5  3  4  2  1  
5  4  3  1  2  6  
4  2  3  1  5  6  
3  2  1  4  5  6  
2  1  3  4  5  6  
1  2  3  4  5  6  
堆排序结束：1  2  3  4  5  6  

初始化一个优先队列：335  421  383  649  492  777  386  915  793  886  
开始不断的取最高优先级的任务出列：
335:	383  421  386  649  492  777  886  915  793  
383:	386  421  777  649  492  793  886  915  
386:	421  492  777  649  915  793  886  
421:	492  649  777  886  915  793  
492:	649  793  777  886  915  
649:	777  793  915  886  
777:	793  886  915  
793:	886  915  
886:	915  
915:	
开始添加任务入列：
1  
1  2  
1  2  3  
1  2  3  4  
1  2  3  4  5  
1  2  3  4  5  6  
