Deleted [11]
Deleted [15]
Deleted [19]
Deleted [21]
Deleted [23]
Deleted [27]
Deleted [29]
Deleted [35]
Deleted [37]
Deleted [49]
Deleted [56]
Deleted [58]
Deleted [62]
Deleted [68]
Deleted [70]
Deleted [72]
Deleted [82]
Deleted [84]
Deleted [86]
Deleted [90]
Deleted [92]
Deleted [98]
Deleted [2]
Deleted [3]
Deleted [5]
Deleted [8]
Deleted [12]
Deleted [13]
Deleted [14]
Deleted [22]
Deleted [24]
Deleted [25]
Deleted [26]
Deleted [27]
Deleted [29]
Deleted [30]
Deleted [32]
Deleted [34]
Deleted [36]
Deleted [39]
Deleted [40]
Deleted [42]
Deleted [43]
Deleted [45]
Deleted [46]
Deleted [50]
Deleted [51]
Deleted [54]
Deleted [56]
Deleted [57]
Deleted [59]
Deleted [60]
Deleted [62]
Deleted [63]
Deleted [64]
Deleted [67]
Deleted [68]
Deleted [69]
Deleted [70]
Deleted [73]
Deleted [76]
Deleted [77]
Deleted [78]
Deleted [80]
Deleted [81]
Deleted [82]
Deleted [83]
Deleted [84]
Deleted [86]
Deleted [87]
Deleted [88]
Deleted [93]
Deleted [94]
Deleted [95]
Deleted [96]
Deleted [99]
