出现包含 'abc' 的串 : abcklcmmpc	两种方法都匹配成功 : abcklcmmpc
出现包含 'abc' 的串 : hhwabcgaua	两种方法都匹配成功 : hhwabcgaua
出现包含 'abc' 的串 : xabckhshth	两种方法都匹配成功 : xabckhshth
出现包含 'abc' 的串 : abczuvfqln	两种方法都匹配成功 : abczuvfqln
出现包含 'abc' 的串 : laudgabckz	两种方法都匹配成功 : laudgabckz
出现包含 'abc' 的串 : vabcionuqg	两种方法都匹配成功 : vabcionuqg
出现包含 'abc' 的串 : oabcbxymqx	两种方法都匹配成功 : oabcbxymqx
出现包含 'abc' 的串 : panabclupq	两种方法都匹配成功 : panabclupq
出现包含 'abc' 的串 : ajabcxaufr	两种方法都匹配成功 : ajabcxaufr
出现包含 'abc' 的串 : gswqbjabcv	两种方法都匹配成功 : gswqbjabcv
出现包含 'abc' 的串 : hquepabchn	两种方法都匹配成功 : hquepabchn
出现包含 'abc' 的串 : tabcliltkl	两种方法都匹配成功 : tabcliltkl
出现包含 'abc' 的串 : jpjsrabccs	两种方法都匹配成功 : jpjsrabccs
出现包含 'abc' 的串 : pbpgxabctx	两种方法都匹配成功 : pbpgxabctx
出现包含 'abc' 的串 : abctrqdwjo	两种方法都匹配成功 : abctrqdwjo
出现包含 'abc' 的串 : cjqbabcvol	两种方法都匹配成功 : cjqbabcvol
出现包含 'abc' 的串 : hmuhrabcqn	两种方法都匹配成功 : hmuhrabcqn
出现包含 'abc' 的串 : lxabcxsups	两种方法都匹配成功 : lxabcxsups
出现包含 'abc' 的串 : qmkdabcdhq	两种方法都匹配成功 : qmkdabcdhq
出现包含 'abc' 的串 : ysznabcvwu	两种方法都匹配成功 : ysznabcvwu
出现包含 'abc' 的串 : cxabcxncsg	两种方法都匹配成功 : cxabcxncsg
出现包含 'abc' 的串 : abcdycvuwj	两种方法都匹配成功 : abcdycvuwj
出现包含 'abc' 的串 : eqoypabchv	两种方法都匹配成功 : eqoypabchv
出现包含 'abc' 的串 : gabcgptznv	两种方法都匹配成功 : gabcgptznv
出现包含 'abc' 的串 : abckqqfpfl	两种方法都匹配成功 : abckqqfpfl
出现包含 'abc' 的串 : abcelcknau	两种方法都匹配成功 : abcelcknau
出现包含 'abc' 的串 : nikamabcla	两种方法都匹配成功 : nikamabcla
出现包含 'abc' 的串 : muqwgxsabc	两种方法都匹配成功 : muqwgxsabc
